<?xml version="1.0" encoding="UTF-8"?>
<!-- Generated by org.testng.reporters.JUnitReportReporter -->
<testsuite hostname="SANDHIYA" failures="0" tests="1" name="vendorTest.VendorsTest" time="9.084" errors="0" timestamp="2025-11-02T18:15:01 IST" skipped="0">
  <testcase classname="vendorTest.VendorsTest" name="CreateVendorsTest" time="9.084">
    <system-out>
      <![CDATA[vendor name created successfully]]>
    </system-out>
  </testcase> <!-- CreateVendorsTest -->
  <system-out>
    <![CDATA[vendor name created successfully]]>
  </system-out>
</testsuite> <!-- vendorTest.VendorsTest -->
