<?xml version="1.0" encoding="UTF-8"?>
<!-- Generated by org.testng.reporters.JUnitReportReporter -->
<testsuite hostname="SANDHIYA" failures="0" tests="3" name="organizationTest.OrganizationTest" time="27.499" errors="0" timestamp="2025-11-01T13:00:36 IST" skipped="0">
  <testcase classname="organizationTest.OrganizationTest" name="CreateOganizationTest" time="6.895"/>
  <testcase classname="organizationTest.OrganizationTest" name="CreateOrganizationWithPhoneNumberTest" time="8.934">
    <system-out>
      <![CDATA[Organization name Created with Phone number]]>
    </system-out>
  </testcase> <!-- CreateOrganizationWithPhoneNumberTest -->
  <testcase classname="organizationTest.OrganizationTest" name="CreateOrganizationWithIndustryAndTypeTest" time="11.670">
    <system-out>
      <![CDATA[Organization created with industry and type dropdown]]>
    </system-out>
  </testcase> <!-- CreateOrganizationWithIndustryAndTypeTest -->
  <system-out>
    <![CDATA[Organization created with industry and type dropdown
Organization name Created with Phone number]]>
  </system-out>
</testsuite> <!-- organizationTest.OrganizationTest -->
