<?xml version="1.0" encoding="UTF-8"?>
<!-- Generated by org.testng.reporters.JUnitReportReporter -->
<testsuite hostname="SANDHIYA" failures="0" tests="3" name="contactsTest.CreateContact" time="30.562" errors="0" timestamp="2025-10-29T21:12:51 IST" skipped="0">
  <testcase classname="contactsTest.CreateContact" name="CreateContactTest" time="8.460"/>
  <testcase classname="contactsTest.CreateContact" name="createContactWithOrganizationTest" time="8.479"/>
  <testcase classname="contactsTest.CreateContact" name="CreateContactWithSupportDateTest" time="13.623"/>
</testsuite> <!-- contactsTest.CreateContact -->
