<?xml version="1.0" encoding="UTF-8"?>
<!-- Generated by org.testng.reporters.JUnitReportReporter -->
<testsuite hostname="SANDHIYA" failures="0" tests="2" name="productsTest.ProductTest" time="24.993" errors="0" timestamp="2025-11-02T17:34:41 IST" skipped="0">
  <testcase classname="productsTest.ProductTest" name="createNewProductTest" time="13.105">
    <system-out>
      <![CDATA[Product Created Successfully]]>
    </system-out>
  </testcase> <!-- createNewProductTest -->
  <testcase classname="productsTest.ProductTest" name="CreateProductWithSupportDateTest" time="11.888">
    <system-out>
      <![CDATA[Product Created Successfully
Product Created with support date Successfully]]>
    </system-out>
  </testcase> <!-- CreateProductWithSupportDateTest -->
  <system-out>
    <![CDATA[Product Created Successfully
Product Created with support date Successfully
Product Created Successfully]]>
  </system-out>
</testsuite> <!-- productsTest.ProductTest -->
