<?xml version="1.0" encoding="UTF-8"?>
<!-- Generated by org.testng.reporters.JUnitReportReporter -->
<testsuite hostname="SANDHIYA" failures="0" tests="1" name="leadsTest.LeadsTest" time="14.516" errors="0" timestamp="2025-11-01T13:16:16 IST" skipped="0">
  <testcase classname="leadsTest.LeadsTest" name="createLeadsTest" time="14.516">
    <system-out>
      <![CDATA[Lead details created successfully
Lead details updated successfully
Lead details deleted successfully]]>
    </system-out>
  </testcase> <!-- createLeadsTest -->
  <system-out>
    <![CDATA[Lead details created successfully
Lead details updated successfully
Lead details deleted successfully]]>
  </system-out>
</testsuite> <!-- leadsTest.LeadsTest -->
