<?xml version="1.0" encoding="UTF-8"?>
<!-- Generated by org.testng.reporters.JUnitReportReporter -->
<testsuite hostname="SANDHIYA" failures="0" tests="3" name="practice.Priority" time="0.033" errors="0" timestamp="2025-10-27T14:41:49 IST" skipped="0">
  <testcase classname="practice.Priority" name="createAccunt" time="0.020"/>
  <testcase classname="practice.Priority" name="editAccount" time="0.002"/>
  <testcase classname="practice.Priority" name="deleteAccount" time="0.011"/>
</testsuite> <!-- practice.Priority -->
