<?xml version="1.0" encoding="UTF-8"?>
<!-- Generated by org.testng.reporters.JUnitReportReporter -->
<testsuite hostname="SANDHIYA" failures="0" tests="1" name="projectMilestonesTest.ProjectMilestoneNameTest" time="13.939" errors="0" timestamp="2025-11-02T17:59:21 IST" skipped="0">
  <testcase classname="projectMilestonesTest.ProjectMilestoneNameTest" name="MilestoneNameTest" time="13.939">
    <system-out>
      <![CDATA[project name created successfully
navigate to project milestone page successfully
milestone name created successfully]]>
    </system-out>
  </testcase> <!-- MilestoneNameTest -->
  <system-out>
    <![CDATA[project name created successfully
navigate to project milestone page successfully
milestone name created successfully]]>
  </system-out>
</testsuite> <!-- projectMilestonesTest.ProjectMilestoneNameTest -->
