<?xml version="1.0" encoding="UTF-8"?>
<!-- Generated by org.testng.reporters.JUnitReportReporter -->
<testsuite hostname="SANDHIYA" failures="0" tests="1" name="servicesTest.ServicesTest" time="11.031" errors="0" timestamp="2025-11-02T18:09:15 IST" skipped="0">
  <testcase classname="servicesTest.ServicesTest" name="CreateServicesTest" time="11.031">
    <system-out>
      <![CDATA[Support end date created successfully]]>
    </system-out>
  </testcase> <!-- CreateServicesTest -->
  <system-out>
    <![CDATA[Support end date created successfully]]>
  </system-out>
</testsuite> <!-- servicesTest.ServicesTest -->
