<?xml version="1.0" encoding="UTF-8"?>
<!-- Generated by org.testng.reporters.JUnitReportReporter -->
<testsuite hostname="SANDHIYA" failures="0" tests="4" name="practice.DependsOnMethodsInTestNG" time="0.032" errors="0" timestamp="2025-10-27T15:16:58 IST" skipped="0">
  <testcase classname="practice.DependsOnMethodsInTestNG" name="editAccount" time="0.003"/>
  <testcase classname="practice.DependsOnMethodsInTestNG" name="deleteAccount" time="0.022"/>
  <testcase classname="practice.DependsOnMethodsInTestNG" name="createAccount" time="0.005"/>
  <testcase classname="practice.DependsOnMethodsInTestNG" name="addAccount" time="0.002"/>
</testsuite> <!-- practice.DependsOnMethodsInTestNG -->
