<?xml version="1.0" encoding="UTF-8"?>
<!-- Generated by org.testng.reporters.JUnitReportReporter -->
<testsuite hostname="SANDHIYA" failures="0" tests="3" name="practice.DataProviderAnnotationInTestNg" time="0.030" errors="0" timestamp="2025-10-27T15:40:55 IST" skipped="0">
  <testcase classname="practice.DataProviderAnnotationInTestNg" name="createContactTest" time="0.004"/>
  <testcase classname="practice.DataProviderAnnotationInTestNg" name="createContactTest" time="0.005"/>
  <testcase classname="practice.DataProviderAnnotationInTestNg" name="createContactTest" time="0.021"/>
</testsuite> <!-- practice.DataProviderAnnotationInTestNg -->
