<?xml version="1.0" encoding="UTF-8"?>
<!-- Generated by org.testng.reporters.JUnitReportReporter -->
<testsuite hostname="SANDHIYA" failures="0" tests="12" name="practice.InvocationCountandEnabled" time="0.067" errors="0" timestamp="2025-10-27T15:27:04 IST" skipped="1">
  <testcase classname="practice.InvocationCountandEnabled" name="createAccunt" time="0.006"/>
  <testcase classname="practice.InvocationCountandEnabled" name="createAccunt" time="0.003"/>
  <testcase classname="practice.InvocationCountandEnabled" name="createAccunt" time="0.003"/>
  <testcase classname="practice.InvocationCountandEnabled" name="createAccunt" time="0.032"/>
  <testcase classname="practice.InvocationCountandEnabled" name="createAccunt" time="0.003"/>
  <testcase classname="practice.InvocationCountandEnabled" name="createAccunt" time="0.005"/>
  <testcase classname="practice.InvocationCountandEnabled" name="createAccunt" time="0.006"/>
  <testcase classname="practice.InvocationCountandEnabled" name="deleteAccount" time="0.001"/>
  <testcase classname="practice.InvocationCountandEnabled" name="createAccunt" time="0.002"/>
  <testcase classname="practice.InvocationCountandEnabled" name="createAccunt" time="0.003"/>
  <testcase classname="practice.InvocationCountandEnabled" name="createAccunt" time="0.003"/>
  <testcase classname="practice.InvocationCountandEnabled" name="editAccount">
    <skipped/>
  </testcase> <!-- editAccount -->
</testsuite> <!-- practice.InvocationCountandEnabled -->
