<?xml version="1.0" encoding="UTF-8"?>
<!-- Generated by org.testng.reporters.JUnitXMLReporter -->
<testsuite ignored="0" hostname="SANDHIYA" failures="0" tests="3" name="Test5" time="28.57" errors="0" timestamp="2025-10-29T21:12:34 IST">
  <testcase classname="organizationTest.OrganizationTest" name="CreateOganizationTest" time="5.57"/>
  <testcase classname="organizationTest.OrganizationTest" name="CreateOrganizationWithIndustryAndTypeTest" time="5.898"/>
  <testcase classname="organizationTest.OrganizationTest" name="CreateOrganizationWithPhoneNumberTest" time="5.587"/>
</testsuite> <!-- Test5 -->
