<?xml version="1.0" encoding="UTF-8"?>
<!-- Generated by org.testng.reporters.JUnitXMLReporter -->
<testsuite ignored="0" hostname="SANDHIYA" failures="2" tests="2" name="Test" time="5.731" errors="0" timestamp="2025-10-31T15:48:44 IST">
  <testcase classname="leadsTest.LeadsTest" name="createLeadsTest" time="0.004">
    <failure type="java.lang.NullPointerException" message="Cannot invoke &amp;quot;com.aventstack.extentreports.ExtentReports.createTest(String)&amp;quot; because &amp;quot;this.report&amp;quot; is null">
      <![CDATA[java.lang.NullPointerException: Cannot invoke "com.aventstack.extentreports.ExtentReports.createTest(String)" because "this.report" is null
at com.crm.listenerutility.ListImpClass.onTestStart(ListImpClass.java:46)
at java.base/java.util.ArrayList.forEach(ArrayList.java:1604)
... Removed 24 stack frames]]>
    </failure>
  </testcase> <!-- createLeadsTest -->
  <testcase classname="leadsTest.LeadsTest" name="createLeadsTest" time="2.143">
    <failure type="java.lang.NullPointerException" message="Cannot invoke &amp;quot;com.aventstack.extentreports.ExtentTest.addScreenCaptureFromBase64String(String, String)&amp;quot; because &amp;quot;com.crm.listenerutility.ListImpClass.test&amp;quot; is null">
      <![CDATA[java.lang.NullPointerException: Cannot invoke "com.aventstack.extentreports.ExtentTest.addScreenCaptureFromBase64String(String, String)" because "com.crm.listenerutility.ListImpClass.test" is null
at com.crm.listenerutility.ListImpClass.onTestFailure(ListImpClass.java:62)
at java.base/java.util.ArrayList.forEach(ArrayList.java:1604)
... Removed 24 stack frames]]>
    </failure>
  </testcase> <!-- createLeadsTest -->
</testsuite> <!-- Test -->
