<?xml version="1.0" encoding="UTF-8"?>
<!-- Generated by org.testng.reporters.JUnitXMLReporter -->
<testsuite ignored="24" hostname="SANDHIYA" failures="0" tests="12" name="TestRunner_chrome" time="148.936" errors="0" timestamp="2025-10-29T22:23:03 IST">
  <testcase classname="projectMilestonesTest.ProjectMilestoneNameTest" name="MilestoneNameTest" time="10.605"/>
  <testcase classname="leadsTest.LeadsTest" name="createLeadsTest" time="8.852"/>
  <testcase classname="productsTest.ProductTest" name="CreateProductWithSupportDateTest" time="5.522"/>
  <testcase classname="productsTest.ProductTest" name="createNewProductTest" time="5.969"/>
  <testcase classname="organizationTest.OrganizationTest" name="CreateOganizationTest" time="7.333"/>
  <testcase classname="organizationTest.OrganizationTest" name="CreateOrganizationWithIndustryAndTypeTest" time="6.384"/>
  <testcase classname="organizationTest.OrganizationTest" name="CreateOrganizationWithPhoneNumberTest" time="5.475"/>
  <testcase classname="contactsTest.ContactTest" name="CreateContactTest" time="5.823"/>
  <testcase classname="contactsTest.ContactTest" name="CreateContactWithSupportDateTest" time="5.852"/>
  <testcase classname="contactsTest.ContactTest" name="createContactWithOrganizationTest" time="7.325"/>
  <testcase classname="servicesTest.ServicesTest" name="CreateServicesTest" time="8.186"/>
  <testcase classname="vendorTest.VendorsTest" name="CreateVendorsTest" time="5.088"/>
  <testcase classname="com.crm.basetest.BaseClass" name="@BeforeSuite configBS" time="0.0">
    <ignored/>
  </testcase> <!-- @BeforeSuite configBS -->
  <testcase classname="com.crm.basetest.BaseClass" name="@AfterTest configAT" time="0.0">
    <ignored/>
  </testcase> <!-- @AfterTest configAT -->
  <testcase classname="com.crm.basetest.BaseClass" name="@BeforeTest configBT" time="0.0">
    <ignored/>
  </testcase> <!-- @BeforeTest configBT -->
  <testcase classname="com.crm.basetest.BaseClass" name="@AfterSuite configAS" time="0.0">
    <ignored/>
  </testcase> <!-- @AfterSuite configAS -->
  <testcase classname="com.crm.basetest.BaseClass" name="@BeforeSuite configBS" time="0.0">
    <ignored/>
  </testcase> <!-- @BeforeSuite configBS -->
  <testcase classname="com.crm.basetest.BaseClass" name="@BeforeSuite configBS" time="0.0">
    <ignored/>
  </testcase> <!-- @BeforeSuite configBS -->
  <testcase classname="com.crm.basetest.BaseClass" name="@AfterTest configAT" time="0.0">
    <ignored/>
  </testcase> <!-- @AfterTest configAT -->
  <testcase classname="com.crm.basetest.BaseClass" name="@BeforeTest configBT" time="0.0">
    <ignored/>
  </testcase> <!-- @BeforeTest configBT -->
  <testcase classname="com.crm.basetest.BaseClass" name="@AfterSuite configAS" time="0.0">
    <ignored/>
  </testcase> <!-- @AfterSuite configAS -->
  <testcase classname="com.crm.basetest.BaseClass" name="@BeforeSuite configBS" time="0.0">
    <ignored/>
  </testcase> <!-- @BeforeSuite configBS -->
  <testcase classname="com.crm.basetest.BaseClass" name="@BeforeTest configBT" time="0.0">
    <ignored/>
  </testcase> <!-- @BeforeTest configBT -->
  <testcase classname="com.crm.basetest.BaseClass" name="@BeforeTest configBT" time="0.0">
    <ignored/>
  </testcase> <!-- @BeforeTest configBT -->
  <testcase classname="com.crm.basetest.BaseClass" name="@AfterSuite configAS" time="0.0">
    <ignored/>
  </testcase> <!-- @AfterSuite configAS -->
  <testcase classname="com.crm.basetest.BaseClass" name="@AfterSuite configAS" time="0.0">
    <ignored/>
  </testcase> <!-- @AfterSuite configAS -->
  <testcase classname="com.crm.basetest.BaseClass" name="@AfterTest configAT" time="0.0">
    <ignored/>
  </testcase> <!-- @AfterTest configAT -->
  <testcase classname="com.crm.basetest.BaseClass" name="@AfterTest configAT" time="0.0">
    <ignored/>
  </testcase> <!-- @AfterTest configAT -->
  <testcase classname="com.crm.basetest.BaseClass" name="@BeforeSuite configBS" time="0.0">
    <ignored/>
  </testcase> <!-- @BeforeSuite configBS -->
  <testcase classname="com.crm.basetest.BaseClass" name="@BeforeTest configBT" time="0.0">
    <ignored/>
  </testcase> <!-- @BeforeTest configBT -->
  <testcase classname="com.crm.basetest.BaseClass" name="@AfterTest configAT" time="0.0">
    <ignored/>
  </testcase> <!-- @AfterTest configAT -->
  <testcase classname="com.crm.basetest.BaseClass" name="@AfterSuite configAS" time="0.0">
    <ignored/>
  </testcase> <!-- @AfterSuite configAS -->
  <testcase classname="com.crm.basetest.BaseClass" name="@AfterTest configAT" time="0.0">
    <ignored/>
  </testcase> <!-- @AfterTest configAT -->
  <testcase classname="com.crm.basetest.BaseClass" name="@BeforeTest configBT" time="0.0">
    <ignored/>
  </testcase> <!-- @BeforeTest configBT -->
  <testcase classname="com.crm.basetest.BaseClass" name="@AfterSuite configAS" time="0.0">
    <ignored/>
  </testcase> <!-- @AfterSuite configAS -->
  <testcase classname="com.crm.basetest.BaseClass" name="@BeforeSuite configBS" time="0.0">
    <ignored/>
  </testcase> <!-- @BeforeSuite configBS -->
</testsuite> <!-- TestRunner_chrome -->
