<?xml version="1.0" encoding="UTF-8"?>
<testng-results ignored="0" total="1" passed="1" failed="0" skipped="0">
  <reporter-output>
  </reporter-output>
  <suite started-at="2025-10-10T16:50:18 IST" name="Surefire suite" finished-at="2025-10-10T16:53:07 IST" duration-ms="169066">
    <groups>
    </groups>
    <test started-at="2025-10-10T16:50:18 IST" name="Surefire test" finished-at="2025-10-10T16:53:07 IST" duration-ms="169066">
      <class name="crmApplicationAutomation.DDTFromCmdLineTest">
        <test-method signature="runtimeParameterTest()[pri:0, instance:crmApplicationAutomation.DDTFromCmdLineTest@146044d7]" started-at="2025-10-10T16:50:18 IST" name="runtimeParameterTest" finished-at="2025-10-10T16:53:07 IST" duration-ms="168880" status="PASS">
          <reporter-output>
          </reporter-output>
        </test-method> <!-- runtimeParameterTest -->
      </class> <!-- crmApplicationAutomation.DDTFromCmdLineTest -->
    </test> <!-- Surefire test -->
  </suite> <!-- Surefire suite -->
</testng-results>
