<?xml version="1.0" encoding="UTF-8"?>
<!-- Generated by org.testng.reporters.JUnitXMLReporter -->
<testsuite ignored="0" hostname="SANDHIYA" failures="0" tests="5" name="Default test" time="28.763" errors="0" timestamp="2025-11-12T21:48:56 IST">
  <testcase classname="mock.SpotifyWithDataProvider" name="toCaptureSongsAndViewers" time="1.517"/>
  <testcase classname="mock.SpotifyWithDataProvider" name="toCaptureSongsAndViewers" time="4.523"/>
  <testcase classname="mock.SpotifyWithDataProvider" name="toCaptureSongsAndViewers" time="0.848"/>
  <testcase classname="mock.SpotifyWithDataProvider" name="toCaptureSongsAndViewers" time="3.777"/>
  <testcase classname="mock.SpotifyWithDataProvider" name="toCaptureSongsAndViewers" time="3.774"/>
</testsuite> <!-- Default test -->
