<?xml version="1.0" encoding="UTF-8"?>
<!-- Generated by org.testng.reporters.JUnitReportReporter -->
<testsuite hostname="SANDHIYA" failures="0" tests="1" name="leadsTest.LeadsTest" time="11.679" errors="0" timestamp="2025-11-10T16:25:21 IST" skipped="0">
  <testcase classname="leadsTest.LeadsTest" name="createLeadsTest" time="11.679">
    <system-out>
      <![CDATA[Lead details created successfully
Lead details updated successfully
Lead details deleted successfully]]>
    </system-out>
  </testcase> <!-- createLeadsTest -->
  <system-out>
    <![CDATA[---Connect to DB,Report config---
Lead details created successfully
Lead details updated successfully
Lead details deleted successfully
---Logout the Application---
---Close the Brower---
---Close DB,Report Backup---]]>
  </system-out>
</testsuite> <!-- leadsTest.LeadsTest -->
