<?xml version="1.0" encoding="UTF-8"?>
<!-- Generated by org.testng.reporters.JUnitReportReporter -->
<testsuite hostname="SANDHIYA" failures="0" tests="5" name="mock.SpotifyWithDataProvider" time="14.439" errors="0" timestamp="2025-11-12T21:48:56 IST" skipped="0">
  <testcase classname="mock.SpotifyWithDataProvider" name="toCaptureSongsAndViewers" time="0.848"/>
  <testcase classname="mock.SpotifyWithDataProvider" name="toCaptureSongsAndViewers" time="1.517"/>
  <testcase classname="mock.SpotifyWithDataProvider" name="toCaptureSongsAndViewers" time="4.523"/>
  <testcase classname="mock.SpotifyWithDataProvider" name="toCaptureSongsAndViewers" time="3.777"/>
  <testcase classname="mock.SpotifyWithDataProvider" name="toCaptureSongsAndViewers" time="3.774"/>
</testsuite> <!-- mock.SpotifyWithDataProvider -->
